

============================== 2022-07-13 04:53:55.739059 | 347629f5-1d89-4817-9332-904a72d23e44 ==============================
04:53:55.739059 [info ] [MainThread]: Running with dbt=1.1.1
04:53:55.739059 [debug] [MainThread]: running dbt with arguments {'write_json': True, 'use_colors': True, 'printer_width': 80, 'version_check': True, 'partial_parse': True, 'static_parser': True, 'profiles_dir': 'C:\\Users\\pasek\\.dbt', 'send_anonymous_usage_stats': True, 'event_buffer_size': 100000, 'quiet': False, 'no_print': False, 'project_name': 'my_first_dbt_project', 'skip_profile_setup': False, 'which': 'init', 'indirect_selection': 'eager'}
04:53:55.739059 [debug] [MainThread]: Tracking: tracking
04:53:55.755049 [debug] [MainThread]: Sending event: {'category': 'dbt', 'action': 'invocation', 'label': 'start', 'context': [<snowplow_tracker.self_describing_json.SelfDescribingJson object at 0x00000269011921F0>, <snowplow_tracker.self_describing_json.SelfDescribingJson object at 0x0000026901187BE0>, <snowplow_tracker.self_describing_json.SelfDescribingJson object at 0x0000026901187EB0>]}
04:53:55.763129 [info ] [MainThread]: Creating dbt configuration folder at C:\Users\pasek\.dbt
04:53:55.763129 [debug] [MainThread]: Starter project path: S:\anaconda3\envs\dataland\lib\site-packages\dbt\include\starter_project
05:00:14.717965 [info ] [MainThread]: Profile my_first_dbt_project written to C:\Users\pasek\.dbt\profiles.yml using target's profile_template.yml and your supplied values. Run 'dbt debug' to validate the connection.
05:00:14.717965 [info ] [MainThread]: 
Your new dbt project "my_first_dbt_project" was created!

For more information on how to configure the profiles.yml file,
please consult the dbt documentation here:

  https://docs.getdbt.com/docs/configure-your-profile

One more thing:

Need help? Don't hesitate to reach out to us via GitHub issues or on Slack:

  https://community.getdbt.com/

Happy modeling!

05:00:14.717965 [debug] [MainThread]: Sending event: {'category': 'dbt', 'action': 'invocation', 'label': 'end', 'context': [<snowplow_tracker.self_describing_json.SelfDescribingJson object at 0x00000269056914C0>, <snowplow_tracker.self_describing_json.SelfDescribingJson object at 0x0000026905691310>, <snowplow_tracker.self_describing_json.SelfDescribingJson object at 0x0000026905691FA0>]}


============================== 2022-07-13 08:47:44.479452 | e69e8dc7-542f-413c-9902-80680682a133 ==============================
08:47:44.479452 [info ] [MainThread]: Running with dbt=1.1.1
08:47:44.480452 [debug] [MainThread]: running dbt with arguments {'write_json': True, 'use_colors': True, 'printer_width': 80, 'version_check': True, 'partial_parse': True, 'static_parser': True, 'profiles_dir': 'C:\\Users\\208896\\.dbt', 'send_anonymous_usage_stats': True, 'event_buffer_size': 100000, 'quiet': False, 'no_print': False, 'config_dir': False, 'which': 'debug', 'indirect_selection': 'eager'}
08:47:44.480452 [debug] [MainThread]: Tracking: tracking
08:47:44.497450 [debug] [MainThread]: Sending event: {'category': 'dbt', 'action': 'invocation', 'label': 'start', 'context': [<snowplow_tracker.self_describing_json.SelfDescribingJson object at 0x00000206A2924070>, <snowplow_tracker.self_describing_json.SelfDescribingJson object at 0x00000206A2919BB0>, <snowplow_tracker.self_describing_json.SelfDescribingJson object at 0x00000206A2919E80>]}
08:47:44.504425 [debug] [MainThread]: Executing "git --help"
08:47:44.586423 [debug] [MainThread]: STDOUT: "b"usage: git [--version] [--help] [-C <path>] [-c <name>=<value>]\n           [--exec-path[=<path>]] [--html-path] [--man-path] [--info-path]\n           [-p | --paginate | -P | --no-pager] [--no-replace-objects] [--bare]\n           [--git-dir=<path>] [--work-tree=<path>] [--namespace=<name>]\n           [--super-prefix=<path>] [--config-env=<name>=<envvar>]\n           <command> [<args>]\n\nThese are common Git commands used in various situations:\n\nstart a working area (see also: git help tutorial)\n   clone             Clone a repository into a new directory\n   init              Create an empty Git repository or reinitialize an existing one\n\nwork on the current change (see also: git help everyday)\n   add               Add file contents to the index\n   mv                Move or rename a file, a directory, or a symlink\n   restore           Restore working tree files\n   rm                Remove files from the working tree and from the index\n   sparse-checkout   Initialize and modify the sparse-checkout\n\nexamine the history and state (see also: git help revisions)\n   bisect            Use binary search to find the commit that introduced a bug\n   diff              Show changes between commits, commit and working tree, etc\n   grep              Print lines matching a pattern\n   log               Show commit logs\n   show              Show various types of objects\n   status            Show the working tree status\n\ngrow, mark and tweak your common history\n   branch            List, create, or delete branches\n   commit            Record changes to the repository\n   merge             Join two or more development histories together\n   rebase            Reapply commits on top of another base tip\n   reset             Reset current HEAD to the specified state\n   switch            Switch branches\n   tag               Create, list, delete or verify a tag object signed with GPG\n\ncollaborate (see also: git help workflows)\n   fetch             Download objects and refs from another repository\n   pull              Fetch from and integrate with another repository or a local branch\n   push              Update remote refs along with associated objects\n\n'git help -a' and 'git help -g' list available subcommands and some\nconcept guides. See 'git help <command>' or 'git help <concept>'\nto read about a specific subcommand or concept.\nSee 'git help git' for an overview of the system.\n""
08:47:44.586423 [debug] [MainThread]: STDERR: "b''"
08:47:44.589424 [debug] [MainThread]: Sending event: {'category': 'dbt', 'action': 'invocation', 'label': 'end', 'context': [<snowplow_tracker.self_describing_json.SelfDescribingJson object at 0x00000206A2919EE0>, <snowplow_tracker.self_describing_json.SelfDescribingJson object at 0x00000206A2919820>, <snowplow_tracker.self_describing_json.SelfDescribingJson object at 0x00000206A2919880>]}


============================== 2022-07-13 08:50:39.947008 | 9f47f97b-4daa-475c-b083-0cd9561f4282 ==============================
08:50:39.947008 [info ] [MainThread]: Running with dbt=1.1.1
08:50:39.948009 [debug] [MainThread]: running dbt with arguments {'write_json': True, 'use_colors': True, 'printer_width': 80, 'version_check': True, 'partial_parse': True, 'static_parser': True, 'profiles_dir': 'C:\\Users\\208896\\.dbt', 'send_anonymous_usage_stats': True, 'event_buffer_size': 100000, 'quiet': False, 'no_print': False, 'config_dir': False, 'which': 'debug', 'indirect_selection': 'eager'}
08:50:39.948009 [debug] [MainThread]: Tracking: tracking
08:50:39.966008 [debug] [MainThread]: Sending event: {'category': 'dbt', 'action': 'invocation', 'label': 'start', 'context': [<snowplow_tracker.self_describing_json.SelfDescribingJson object at 0x0000022BBFA89760>, <snowplow_tracker.self_describing_json.SelfDescribingJson object at 0x0000022BBFA892E0>, <snowplow_tracker.self_describing_json.SelfDescribingJson object at 0x0000022BBFA895B0>]}
08:50:41.613927 [debug] [MainThread]: Executing "git --help"
08:50:41.679836 [debug] [MainThread]: STDOUT: "b"usage: git [--version] [--help] [-C <path>] [-c <name>=<value>]\n           [--exec-path[=<path>]] [--html-path] [--man-path] [--info-path]\n           [-p | --paginate | -P | --no-pager] [--no-replace-objects] [--bare]\n           [--git-dir=<path>] [--work-tree=<path>] [--namespace=<name>]\n           [--super-prefix=<path>] [--config-env=<name>=<envvar>]\n           <command> [<args>]\n\nThese are common Git commands used in various situations:\n\nstart a working area (see also: git help tutorial)\n   clone             Clone a repository into a new directory\n   init              Create an empty Git repository or reinitialize an existing one\n\nwork on the current change (see also: git help everyday)\n   add               Add file contents to the index\n   mv                Move or rename a file, a directory, or a symlink\n   restore           Restore working tree files\n   rm                Remove files from the working tree and from the index\n   sparse-checkout   Initialize and modify the sparse-checkout\n\nexamine the history and state (see also: git help revisions)\n   bisect            Use binary search to find the commit that introduced a bug\n   diff              Show changes between commits, commit and working tree, etc\n   grep              Print lines matching a pattern\n   log               Show commit logs\n   show              Show various types of objects\n   status            Show the working tree status\n\ngrow, mark and tweak your common history\n   branch            List, create, or delete branches\n   commit            Record changes to the repository\n   merge             Join two or more development histories together\n   rebase            Reapply commits on top of another base tip\n   reset             Reset current HEAD to the specified state\n   switch            Switch branches\n   tag               Create, list, delete or verify a tag object signed with GPG\n\ncollaborate (see also: git help workflows)\n   fetch             Download objects and refs from another repository\n   pull              Fetch from and integrate with another repository or a local branch\n   push              Update remote refs along with associated objects\n\n'git help -a' and 'git help -g' list available subcommands and some\nconcept guides. See 'git help <command>' or 'git help <concept>'\nto read about a specific subcommand or concept.\nSee 'git help git' for an overview of the system.\n""
08:50:41.680811 [debug] [MainThread]: STDERR: "b''"
08:50:41.685836 [debug] [MainThread]: Acquiring new snowflake connection "debug"
08:50:41.686818 [debug] [MainThread]: Using snowflake connection "debug"
08:50:41.686818 [debug] [MainThread]: On debug: select 1 as id
08:50:41.687813 [debug] [MainThread]: Opening a new connection, currently in state init
08:50:44.004480 [debug] [MainThread]: SQL status: SUCCESS 1 in 2.32 seconds
08:50:44.005480 [debug] [MainThread]: On debug: Close
08:50:44.325505 [debug] [MainThread]: Sending event: {'category': 'dbt', 'action': 'invocation', 'label': 'end', 'context': [<snowplow_tracker.self_describing_json.SelfDescribingJson object at 0x0000022BC2AAF370>, <snowplow_tracker.self_describing_json.SelfDescribingJson object at 0x0000022BC1827AF0>, <snowplow_tracker.self_describing_json.SelfDescribingJson object at 0x0000022BC1827C40>]}
08:50:44.889659 [debug] [MainThread]: Connection 'debug' was properly closed.
